{"/home/user/Stanford-Prompt-Library/app/src/services/base-service.js": {"path":"/home/user/Stanford-Prompt-Library/app/src/services/base-service.js","statementMap":{"0":{"start":{"line":16,"column":4},"end":{"line":16,"column":null}},"1":{"start":{"line":17,"column":4},"end":{"line":17,"column":null}},"2":{"start":{"line":18,"column":4},"end":{"line":18,"column":null}},"3":{"start":{"line":19,"column":4},"end":{"line":19,"column":null}},"4":{"start":{"line":25,"column":4},"end":{"line":25,"column":null}},"5":{"start":{"line":26,"column":4},"end":{"line":26,"column":null}},"6":{"start":{"line":27,"column":4},"end":{"line":27,"column":null}},"7":{"start":{"line":33,"column":4},"end":{"line":33,"column":null}},"8":{"start":{"line":34,"column":4},"end":{"line":34,"column":null}},"9":{"start":{"line":35,"column":4},"end":{"line":35,"column":null}},"10":{"start":{"line":41,"column":4},"end":{"line":41,"column":null}},"11":{"start":{"line":42,"column":4},"end":{"line":42,"column":null}},"12":{"start":{"line":52,"column":4},"end":{"line":52,"column":null}},"13":{"start":{"line":53,"column":4},"end":{"line":53,"column":null}},"14":{"start":{"line":54,"column":4},"end":{"line":54,"column":null}},"15":{"start":{"line":55,"column":4},"end":{"line":55,"column":null}},"16":{"start":{"line":58,"column":4},"end":{"line":64,"column":null}},"17":{"start":{"line":67,"column":4},"end":{"line":72,"column":null}},"18":{"start":{"line":86,"column":22},"end":{"line":86,"column":null}},"19":{"start":{"line":88,"column":4},"end":{"line":111,"column":null}},"20":{"start":{"line":89,"column":6},"end":{"line":89,"column":null}},"21":{"start":{"line":91,"column":30},"end":{"line":91,"column":null}},"22":{"start":{"line":93,"column":6},"end":{"line":97,"column":null}},"23":{"start":{"line":94,"column":8},"end":{"line":94,"column":null}},"24":{"start":{"line":95,"column":8},"end":{"line":95,"column":null}},"25":{"start":{"line":96,"column":8},"end":{"line":96,"column":null}},"26":{"start":{"line":99,"column":6},"end":{"line":102,"column":null}},"27":{"start":{"line":100,"column":25},"end":{"line":100,"column":null}},"28":{"start":{"line":101,"column":8},"end":{"line":101,"column":null}},"29":{"start":{"line":104,"column":6},"end":{"line":104,"column":null}},"30":{"start":{"line":106,"column":6},"end":{"line":106,"column":null}},"31":{"start":{"line":106,"column":42},"end":{"line":106,"column":null}},"32":{"start":{"line":108,"column":6},"end":{"line":108,"column":null}},"33":{"start":{"line":109,"column":6},"end":{"line":109,"column":null}},"34":{"start":{"line":110,"column":6},"end":{"line":110,"column":null}},"35":{"start":{"line":121,"column":19},"end":{"line":121,"column":null}},"36":{"start":{"line":124,"column":4},"end":{"line":133,"column":null}},"37":{"start":{"line":125,"column":6},"end":{"line":129,"column":null}},"38":{"start":{"line":126,"column":8},"end":{"line":126,"column":null}},"39":{"start":{"line":126,"column":38},"end":{"line":126,"column":63}},"40":{"start":{"line":128,"column":8},"end":{"line":128,"column":null}},"41":{"start":{"line":132,"column":6},"end":{"line":132,"column":null}},"42":{"start":{"line":135,"column":4},"end":{"line":135,"column":null}},"43":{"start":{"line":150,"column":4},"end":{"line":152,"column":null}},"44":{"start":{"line":151,"column":6},"end":{"line":151,"column":null}},"45":{"start":{"line":154,"column":21},"end":{"line":154,"column":null}},"46":{"start":{"line":155,"column":19},"end":{"line":155,"column":null}},"47":{"start":{"line":158,"column":4},"end":{"line":164,"column":null}},"48":{"start":{"line":159,"column":6},"end":{"line":159,"column":null}},"49":{"start":{"line":160,"column":6},"end":{"line":162,"column":null}},"50":{"start":{"line":161,"column":8},"end":{"line":161,"column":null}},"51":{"start":{"line":163,"column":6},"end":{"line":163,"column":null}},"52":{"start":{"line":167,"column":4},"end":{"line":167,"column":null}},"53":{"start":{"line":168,"column":4},"end":{"line":170,"column":null}},"54":{"start":{"line":169,"column":6},"end":{"line":169,"column":null}},"55":{"start":{"line":172,"column":17},"end":{"line":172,"column":null}},"56":{"start":{"line":175,"column":4},"end":{"line":175,"column":null}},"57":{"start":{"line":177,"column":4},"end":{"line":177,"column":null}},"58":{"start":{"line":187,"column":4},"end":{"line":190,"column":null}},"59":{"start":{"line":188,"column":23},"end":{"line":188,"column":null}},"60":{"start":{"line":189,"column":6},"end":{"line":189,"column":null}},"61":{"start":{"line":192,"column":4},"end":{"line":195,"column":null}},"62":{"start":{"line":203,"column":4},"end":{"line":230,"column":null}},"63":{"start":{"line":205,"column":6},"end":{"line":224,"column":null}},"64":{"start":{"line":207,"column":29},"end":{"line":207,"column":null}},"65":{"start":{"line":208,"column":24},"end":{"line":208,"column":null}},"66":{"start":{"line":209,"column":8},"end":{"line":213,"column":null}},"67":{"start":{"line":210,"column":10},"end":{"line":212,"column":null}},"68":{"start":{"line":211,"column":12},"end":{"line":211,"column":null}},"69":{"start":{"line":214,"column":8},"end":{"line":214,"column":null}},"70":{"start":{"line":214,"column":34},"end":{"line":214,"column":54}},"71":{"start":{"line":215,"column":8},"end":{"line":217,"column":null}},"72":{"start":{"line":216,"column":10},"end":{"line":216,"column":null}},"73":{"start":{"line":220,"column":8},"end":{"line":220,"column":null}},"74":{"start":{"line":221,"column":8},"end":{"line":223,"column":null}},"75":{"start":{"line":222,"column":10},"end":{"line":222,"column":null}},"76":{"start":{"line":226,"column":6},"end":{"line":226,"column":null}},"77":{"start":{"line":227,"column":6},"end":{"line":229,"column":null}},"78":{"start":{"line":228,"column":8},"end":{"line":228,"column":null}},"79":{"start":{"line":238,"column":4},"end":{"line":242,"column":null}},"80":{"start":{"line":257,"column":4},"end":{"line":259,"column":null}},"81":{"start":{"line":258,"column":6},"end":{"line":258,"column":null}},"82":{"start":{"line":262,"column":4},"end":{"line":267,"column":null}},"83":{"start":{"line":263,"column":6},"end":{"line":265,"column":null}},"84":{"start":{"line":264,"column":8},"end":{"line":264,"column":null}},"85":{"start":{"line":266,"column":6},"end":{"line":266,"column":null}},"86":{"start":{"line":270,"column":20},"end":{"line":270,"column":null}},"87":{"start":{"line":271,"column":4},"end":{"line":271,"column":null}},"88":{"start":{"line":273,"column":4},"end":{"line":280,"column":null}},"89":{"start":{"line":274,"column":21},"end":{"line":274,"column":null}},"90":{"start":{"line":275,"column":6},"end":{"line":275,"column":null}},"91":{"start":{"line":276,"column":6},"end":{"line":276,"column":null}},"92":{"start":{"line":278,"column":6},"end":{"line":278,"column":null}},"93":{"start":{"line":279,"column":6},"end":{"line":279,"column":null}},"94":{"start":{"line":295,"column":24},"end":{"line":295,"column":null}},"95":{"start":{"line":297,"column":20},"end":{"line":315,"column":null}},"96":{"start":{"line":305,"column":8},"end":{"line":307,"column":null}},"97":{"start":{"line":306,"column":10},"end":{"line":306,"column":null}},"98":{"start":{"line":310,"column":8},"end":{"line":310,"column":null}},"99":{"start":{"line":313,"column":8},"end":{"line":313,"column":null}},"100":{"start":{"line":318,"column":4},"end":{"line":318,"column":null}},"101":{"start":{"line":321,"column":4},"end":{"line":324,"column":null}},"102":{"start":{"line":322,"column":6},"end":{"line":322,"column":null}},"103":{"start":{"line":323,"column":6},"end":{"line":323,"column":null}},"104":{"start":{"line":331,"column":4},"end":{"line":331,"column":null}},"105":{"start":{"line":331,"column":42},"end":{"line":331,"column":63}},"106":{"start":{"line":332,"column":4},"end":{"line":332,"column":null}},"107":{"start":{"line":344,"column":4},"end":{"line":348,"column":null}},"108":{"start":{"line":355,"column":4},"end":{"line":360,"column":null}},"109":{"start":{"line":367,"column":4},"end":{"line":367,"column":null}},"110":{"start":{"line":368,"column":4},"end":{"line":368,"column":null}},"111":{"start":{"line":369,"column":4},"end":{"line":369,"column":null}},"112":{"start":{"line":383,"column":2},"end":{"line":385,"column":null}},"113":{"start":{"line":384,"column":4},"end":{"line":384,"column":null}},"114":{"start":{"line":387,"column":2},"end":{"line":389,"column":null}},"115":{"start":{"line":388,"column":4},"end":{"line":388,"column":null}},"116":{"start":{"line":391,"column":2},"end":{"line":401,"column":null}},"117":{"start":{"line":393,"column":21},"end":{"line":398,"column":null}},"118":{"start":{"line":400,"column":4},"end":{"line":400,"column":null}},"119":{"start":{"line":403,"column":2},"end":{"line":405,"column":null}},"120":{"start":{"line":404,"column":4},"end":{"line":404,"column":null}},"121":{"start":{"line":407,"column":2},"end":{"line":407,"column":null}},"122":{"start":{"line":416,"column":2},"end":{"line":422,"column":null}}},"fnMap":{"0":{"name":"(anonymous_0)","decl":{"start":{"line":15,"column":2},"end":{"line":15,"column":13}},"loc":{"start":{"line":15,"column":45},"end":{"line":20,"column":null}},"line":15},"1":{"name":"(anonymous_1)","decl":{"start":{"line":24,"column":2},"end":{"line":24,"column":13}},"loc":{"start":{"line":24,"column":45},"end":{"line":28,"column":null}},"line":24},"2":{"name":"(anonymous_2)","decl":{"start":{"line":32,"column":2},"end":{"line":32,"column":13}},"loc":{"start":{"line":32,"column":36},"end":{"line":36,"column":null}},"line":32},"3":{"name":"(anonymous_3)","decl":{"start":{"line":40,"column":2},"end":{"line":40,"column":13}},"loc":{"start":{"line":40,"column":72},"end":{"line":43,"column":null}},"line":40},"4":{"name":"(anonymous_4)","decl":{"start":{"line":51,"column":2},"end":{"line":51,"column":13}},"loc":{"start":{"line":51,"column":39},"end":{"line":73,"column":null}},"line":51},"5":{"name":"(anonymous_5)","decl":{"start":{"line":85,"column":8},"end":{"line":85,"column":20}},"loc":{"start":{"line":85,"column":44},"end":{"line":112,"column":null}},"line":85},"6":{"name":"(anonymous_6)","decl":{"start":{"line":120,"column":8},"end":{"line":120,"column":23}},"loc":{"start":{"line":120,"column":56},"end":{"line":136,"column":null}},"line":120},"7":{"name":"(anonymous_7)","decl":{"start":{"line":126,"column":31},"end":{"line":126,"column":34}},"loc":{"start":{"line":126,"column":38},"end":{"line":126,"column":63}},"line":126},"8":{"name":"(anonymous_8)","decl":{"start":{"line":149,"column":8},"end":{"line":149,"column":17}},"loc":{"start":{"line":149,"column":44},"end":{"line":178,"column":null}},"line":149},"9":{"name":"(anonymous_9)","decl":{"start":{"line":185,"column":2},"end":{"line":185,"column":10}},"loc":{"start":{"line":185,"column":22},"end":{"line":196,"column":null}},"line":185},"10":{"name":"(anonymous_10)","decl":{"start":{"line":202,"column":2},"end":{"line":202,"column":17}},"loc":{"start":{"line":202,"column":30},"end":{"line":231,"column":null}},"line":202},"11":{"name":"(anonymous_11)","decl":{"start":{"line":214,"column":29},"end":{"line":214,"column":30}},"loc":{"start":{"line":214,"column":34},"end":{"line":214,"column":54}},"line":214},"12":{"name":"(anonymous_12)","decl":{"start":{"line":237,"column":2},"end":{"line":237,"column":15}},"loc":{"start":{"line":237,"column":18},"end":{"line":243,"column":null}},"line":237},"13":{"name":"(anonymous_13)","decl":{"start":{"line":256,"column":8},"end":{"line":256,"column":22}},"loc":{"start":{"line":256,"column":39},"end":{"line":281,"column":null}},"line":256},"14":{"name":"(anonymous_14)","decl":{"start":{"line":294,"column":2},"end":{"line":294,"column":11}},"loc":{"start":{"line":294,"column":50},"end":{"line":325,"column":null}},"line":294},"15":{"name":"(anonymous_15)","decl":{"start":{"line":304,"column":9},"end":{"line":304,"column":10}},"loc":{"start":{"line":304,"column":22},"end":{"line":314,"column":7}},"line":304},"16":{"name":"(anonymous_16)","decl":{"start":{"line":321,"column":11},"end":{"line":321,"column":12}},"loc":{"start":{"line":321,"column":17},"end":{"line":324,"column":null}},"line":321},"17":{"name":"(anonymous_17)","decl":{"start":{"line":330,"column":2},"end":{"line":330,"column":16}},"loc":{"start":{"line":330,"column":19},"end":{"line":333,"column":null}},"line":330},"18":{"name":"(anonymous_18)","decl":{"start":{"line":331,"column":31},"end":{"line":331,"column":38}},"loc":{"start":{"line":331,"column":42},"end":{"line":331,"column":63}},"line":331},"19":{"name":"(anonymous_19)","decl":{"start":{"line":343,"column":2},"end":{"line":343,"column":12}},"loc":{"start":{"line":343,"column":15},"end":{"line":349,"column":null}},"line":343},"20":{"name":"(anonymous_20)","decl":{"start":{"line":354,"column":2},"end":{"line":354,"column":14}},"loc":{"start":{"line":354,"column":17},"end":{"line":361,"column":null}},"line":354},"21":{"name":"(anonymous_21)","decl":{"start":{"line":366,"column":2},"end":{"line":366,"column":9}},"loc":{"start":{"line":366,"column":12},"end":{"line":370,"column":null}},"line":366},"22":{"name":"handleServiceError","decl":{"start":{"line":382,"column":16},"end":{"line":382,"column":34}},"loc":{"start":{"line":382,"column":42},"end":{"line":408,"column":null}},"line":382},"23":{"name":"logError","decl":{"start":{"line":415,"column":16},"end":{"line":415,"column":24}},"loc":{"start":{"line":415,"column":41},"end":{"line":423,"column":null}},"line":415}},"branchMap":{"0":{"loc":{"start":{"line":15,"column":29},"end":{"line":15,"column":43}},"type":"default-arg","locations":[{"start":{"line":15,"column":39},"end":{"line":15,"column":43}}],"line":15},"1":{"loc":{"start":{"line":24,"column":23},"end":{"line":24,"column":43}},"type":"default-arg","locations":[{"start":{"line":24,"column":39},"end":{"line":24,"column":43}}],"line":24},"2":{"loc":{"start":{"line":32,"column":23},"end":{"line":32,"column":34}},"type":"default-arg","locations":[{"start":{"line":32,"column":32},"end":{"line":32,"column":34}}],"line":32},"3":{"loc":{"start":{"line":40,"column":14},"end":{"line":40,"column":70}},"type":"default-arg","locations":[{"start":{"line":40,"column":24},"end":{"line":40,"column":70}}],"line":40},"4":{"loc":{"start":{"line":51,"column":25},"end":{"line":51,"column":37}},"type":"default-arg","locations":[{"start":{"line":51,"column":35},"end":{"line":51,"column":37}}],"line":51},"5":{"loc":{"start":{"line":60,"column":16},"end":{"line":60,"column":52}},"type":"binary-expr","locations":[{"start":{"line":60,"column":16},"end":{"line":60,"column":32}},{"start":{"line":60,"column":36},"end":{"line":60,"column":52}}],"line":60},"6":{"loc":{"start":{"line":61,"column":20},"end":{"line":61,"column":47}},"type":"binary-expr","locations":[{"start":{"line":61,"column":20},"end":{"line":61,"column":40}},{"start":{"line":61,"column":44},"end":{"line":61,"column":47}}],"line":61},"7":{"loc":{"start":{"line":85,"column":30},"end":{"line":85,"column":42}},"type":"default-arg","locations":[{"start":{"line":85,"column":40},"end":{"line":85,"column":42}}],"line":85},"8":{"loc":{"start":{"line":93,"column":6},"end":{"line":97,"column":null}},"type":"if","locations":[{"start":{"line":93,"column":6},"end":{"line":97,"column":null}},{"start":{},"end":{}}],"line":93},"9":{"loc":{"start":{"line":99,"column":6},"end":{"line":102,"column":null}},"type":"if","locations":[{"start":{"line":99,"column":6},"end":{"line":102,"column":null}},{"start":{},"end":{}}],"line":99},"10":{"loc":{"start":{"line":106,"column":6},"end":{"line":106,"column":null}},"type":"if","locations":[{"start":{"line":106,"column":6},"end":{"line":106,"column":null}},{"start":{},"end":{}}],"line":106},"11":{"loc":{"start":{"line":120,"column":33},"end":{"line":120,"column":54}},"type":"default-arg","locations":[{"start":{"line":120,"column":50},"end":{"line":120,"column":54}}],"line":120},"12":{"loc":{"start":{"line":124,"column":4},"end":{"line":133,"column":null}},"type":"if","locations":[{"start":{"line":124,"column":4},"end":{"line":133,"column":null}},{"start":{"line":130,"column":11},"end":{"line":133,"column":null}}],"line":124},"13":{"loc":{"start":{"line":125,"column":6},"end":{"line":129,"column":null}},"type":"if","locations":[{"start":{"line":125,"column":6},"end":{"line":129,"column":null}},{"start":{"line":127,"column":13},"end":{"line":129,"column":null}}],"line":125},"14":{"loc":{"start":{"line":149,"column":32},"end":{"line":149,"column":42}},"type":"default-arg","locations":[{"start":{"line":149,"column":38},"end":{"line":149,"column":42}}],"line":149},"15":{"loc":{"start":{"line":150,"column":4},"end":{"line":152,"column":null}},"type":"if","locations":[{"start":{"line":150,"column":4},"end":{"line":152,"column":null}},{"start":{},"end":{}}],"line":150},"16":{"loc":{"start":{"line":154,"column":21},"end":{"line":154,"column":null}},"type":"binary-expr","locations":[{"start":{"line":154,"column":21},"end":{"line":154,"column":24}},{"start":{"line":154,"column":28},"end":{"line":154,"column":null}}],"line":154},"17":{"loc":{"start":{"line":158,"column":4},"end":{"line":164,"column":null}},"type":"if","locations":[{"start":{"line":158,"column":4},"end":{"line":164,"column":null}},{"start":{},"end":{}}],"line":158},"18":{"loc":{"start":{"line":158,"column":8},"end":{"line":158,"column":58}},"type":"binary-expr","locations":[{"start":{"line":158,"column":8},"end":{"line":158,"column":14}},{"start":{"line":158,"column":18},"end":{"line":158,"column":58}}],"line":158},"19":{"loc":{"start":{"line":160,"column":6},"end":{"line":162,"column":null}},"type":"if","locations":[{"start":{"line":160,"column":6},"end":{"line":162,"column":null}},{"start":{},"end":{}}],"line":160},"20":{"loc":{"start":{"line":168,"column":4},"end":{"line":170,"column":null}},"type":"if","locations":[{"start":{"line":168,"column":4},"end":{"line":170,"column":null}},{"start":{},"end":{}}],"line":168},"21":{"loc":{"start":{"line":187,"column":4},"end":{"line":190,"column":null}},"type":"if","locations":[{"start":{"line":187,"column":4},"end":{"line":190,"column":null}},{"start":{},"end":{}}],"line":187},"22":{"loc":{"start":{"line":202,"column":18},"end":{"line":202,"column":28}},"type":"default-arg","locations":[{"start":{"line":202,"column":24},"end":{"line":202,"column":28}}],"line":202},"23":{"loc":{"start":{"line":203,"column":4},"end":{"line":230,"column":null}},"type":"if","locations":[{"start":{"line":203,"column":4},"end":{"line":230,"column":null}},{"start":{"line":225,"column":11},"end":{"line":230,"column":null}}],"line":203},"24":{"loc":{"start":{"line":205,"column":6},"end":{"line":224,"column":null}},"type":"if","locations":[{"start":{"line":205,"column":6},"end":{"line":224,"column":null}},{"start":{"line":218,"column":13},"end":{"line":224,"column":null}}],"line":205},"25":{"loc":{"start":{"line":205,"column":10},"end":{"line":205,"column":48}},"type":"binary-expr","locations":[{"start":{"line":205,"column":10},"end":{"line":205,"column":27}},{"start":{"line":205,"column":31},"end":{"line":205,"column":48}}],"line":205},"26":{"loc":{"start":{"line":210,"column":10},"end":{"line":212,"column":null}},"type":"if","locations":[{"start":{"line":210,"column":10},"end":{"line":212,"column":null}},{"start":{},"end":{}}],"line":210},"27":{"loc":{"start":{"line":215,"column":8},"end":{"line":217,"column":null}},"type":"if","locations":[{"start":{"line":215,"column":8},"end":{"line":217,"column":null}},{"start":{},"end":{}}],"line":215},"28":{"loc":{"start":{"line":221,"column":8},"end":{"line":223,"column":null}},"type":"if","locations":[{"start":{"line":221,"column":8},"end":{"line":223,"column":null}},{"start":{},"end":{}}],"line":221},"29":{"loc":{"start":{"line":227,"column":6},"end":{"line":229,"column":null}},"type":"if","locations":[{"start":{"line":227,"column":6},"end":{"line":229,"column":null}},{"start":{},"end":{}}],"line":227},"30":{"loc":{"start":{"line":241,"column":15},"end":{"line":241,"column":null}},"type":"binary-expr","locations":[{"start":{"line":241,"column":15},"end":{"line":241,"column":91}},{"start":{"line":241,"column":95},"end":{"line":241,"column":null}}],"line":241},"31":{"loc":{"start":{"line":257,"column":4},"end":{"line":259,"column":null}},"type":"if","locations":[{"start":{"line":257,"column":4},"end":{"line":259,"column":null}},{"start":{},"end":{}}],"line":257},"32":{"loc":{"start":{"line":262,"column":4},"end":{"line":267,"column":null}},"type":"if","locations":[{"start":{"line":262,"column":4},"end":{"line":267,"column":null}},{"start":{},"end":{}}],"line":262},"33":{"loc":{"start":{"line":263,"column":6},"end":{"line":265,"column":null}},"type":"if","locations":[{"start":{"line":263,"column":6},"end":{"line":265,"column":null}},{"start":{},"end":{}}],"line":263},"34":{"loc":{"start":{"line":294,"column":12},"end":{"line":294,"column":23}},"type":"default-arg","locations":[{"start":{"line":294,"column":20},"end":{"line":294,"column":23}}],"line":294},"35":{"loc":{"start":{"line":294,"column":35},"end":{"line":294,"column":48}},"type":"default-arg","locations":[{"start":{"line":294,"column":44},"end":{"line":294,"column":48}}],"line":294},"36":{"loc":{"start":{"line":305,"column":8},"end":{"line":307,"column":null}},"type":"if","locations":[{"start":{"line":305,"column":8},"end":{"line":307,"column":null}},{"start":{},"end":{}}],"line":305},"37":{"loc":{"start":{"line":383,"column":2},"end":{"line":385,"column":null}},"type":"if","locations":[{"start":{"line":383,"column":2},"end":{"line":385,"column":null}},{"start":{},"end":{}}],"line":383},"38":{"loc":{"start":{"line":387,"column":2},"end":{"line":389,"column":null}},"type":"if","locations":[{"start":{"line":387,"column":2},"end":{"line":389,"column":null}},{"start":{},"end":{}}],"line":387},"39":{"loc":{"start":{"line":391,"column":2},"end":{"line":401,"column":null}},"type":"if","locations":[{"start":{"line":391,"column":2},"end":{"line":401,"column":null}},{"start":{},"end":{}}],"line":391},"40":{"loc":{"start":{"line":400,"column":11},"end":{"line":400,"column":null}},"type":"binary-expr","locations":[{"start":{"line":400,"column":11},"end":{"line":400,"column":31}},{"start":{"line":400,"column":35},"end":{"line":400,"column":null}}],"line":400},"41":{"loc":{"start":{"line":403,"column":2},"end":{"line":405,"column":null}},"type":"if","locations":[{"start":{"line":403,"column":2},"end":{"line":405,"column":null}},{"start":{},"end":{}}],"line":403}},"s":{"0":6,"1":6,"2":6,"3":6,"4":1,"5":1,"6":1,"7":1,"8":1,"9":1,"10":1,"11":1,"12":25,"13":25,"14":25,"15":25,"16":25,"17":25,"18":37,"19":37,"20":37,"21":37,"22":37,"23":5,"24":5,"25":5,"26":32,"27":32,"28":32,"29":32,"30":5,"31":5,"32":0,"33":0,"34":0,"35":0,"36":0,"37":0,"38":0,"39":0,"40":0,"41":0,"42":0,"43":32,"44":2,"45":30,"46":32,"47":32,"48":4,"49":4,"50":4,"51":4,"52":26,"53":26,"54":26,"55":26,"56":24,"57":24,"58":24,"59":1,"60":1,"61":24,"62":4,"63":3,"64":1,"65":1,"66":1,"67":3,"68":2,"69":1,"70":2,"71":1,"72":1,"73":2,"74":2,"75":2,"76":1,"77":1,"78":1,"79":0,"80":0,"81":0,"82":0,"83":0,"84":0,"85":0,"86":0,"87":0,"88":0,"89":0,"90":0,"91":0,"92":0,"93":0,"94":0,"95":0,"96":0,"97":0,"98":0,"99":0,"100":0,"101":0,"102":0,"103":0,"104":0,"105":0,"106":0,"107":0,"108":0,"109":0,"110":0,"111":0,"112":0,"113":0,"114":0,"115":0,"116":0,"117":0,"118":0,"119":0,"120":0,"121":0,"122":0},"f":{"0":6,"1":1,"2":1,"3":1,"4":25,"5":37,"6":0,"7":0,"8":32,"9":24,"10":4,"11":2,"12":0,"13":0,"14":0,"15":0,"16":0,"17":0,"18":0,"19":0,"20":0,"21":0,"22":0,"23":0},"b":{"0":[6],"1":[1],"2":[1],"3":[1],"4":[25],"5":[25,23],"6":[25,23],"7":[37],"8":[5,32],"9":[32,0],"10":[5,0],"11":[0],"12":[0,0],"13":[0,0],"14":[32],"15":[2,30],"16":[30,30],"17":[4,28],"18":[32,5],"19":[4,0],"20":[26,0],"21":[1,23],"22":[4],"23":[3,1],"24":[1,2],"25":[3,2],"26":[2,1],"27":[1,0],"28":[2,0],"29":[1,0],"30":[0,0],"31":[0,0],"32":[0,0],"33":[0,0],"34":[0],"35":[0],"36":[0,0],"37":[0,0],"38":[0,0],"39":[0,0],"40":[0,0],"41":[0,0]},"meta":{"lastBranch":42,"lastFunction":24,"lastStatement":123,"seen":{"f:15:2:15:13":0,"b:15:39:15:43":0,"s:16:4:16:Infinity":0,"s:17:4:17:Infinity":1,"s:18:4:18:Infinity":2,"s:19:4:19:Infinity":3,"f:24:2:24:13":1,"b:24:39:24:43":1,"s:25:4:25:Infinity":4,"s:26:4:26:Infinity":5,"s:27:4:27:Infinity":6,"f:32:2:32:13":2,"b:32:32:32:34":2,"s:33:4:33:Infinity":7,"s:34:4:34:Infinity":8,"s:35:4:35:Infinity":9,"f:40:2:40:13":3,"b:40:24:40:70":3,"s:41:4:41:Infinity":10,"s:42:4:42:Infinity":11,"f:51:2:51:13":4,"b:51:35:51:37":4,"s:52:4:52:Infinity":12,"s:53:4:53:Infinity":13,"s:54:4:54:Infinity":14,"s:55:4:55:Infinity":15,"s:58:4:64:Infinity":16,"b:60:16:60:32:60:36:60:52":5,"b:61:20:61:40:61:44:61:47":6,"s:67:4:72:Infinity":17,"f:85:8:85:20":5,"b:85:40:85:42":7,"s:86:22:86:Infinity":18,"s:88:4:111:Infinity":19,"s:89:6:89:Infinity":20,"s:91:30:91:Infinity":21,"b:93:6:97:Infinity:undefined:undefined:undefined:undefined":8,"s:93:6:97:Infinity":22,"s:94:8:94:Infinity":23,"s:95:8:95:Infinity":24,"s:96:8:96:Infinity":25,"b:99:6:102:Infinity:undefined:undefined:undefined:undefined":9,"s:99:6:102:Infinity":26,"s:100:25:100:Infinity":27,"s:101:8:101:Infinity":28,"s:104:6:104:Infinity":29,"b:106:6:106:Infinity:undefined:undefined:undefined:undefined":10,"s:106:6:106:Infinity":30,"s:106:42:106:Infinity":31,"s:108:6:108:Infinity":32,"s:109:6:109:Infinity":33,"s:110:6:110:Infinity":34,"f:120:8:120:23":6,"b:120:50:120:54":11,"s:121:19:121:Infinity":35,"b:124:4:133:Infinity:130:11:133:Infinity":12,"s:124:4:133:Infinity":36,"b:125:6:129:Infinity:127:13:129:Infinity":13,"s:125:6:129:Infinity":37,"s:126:8:126:Infinity":38,"f:126:31:126:34":7,"s:126:38:126:63":39,"s:128:8:128:Infinity":40,"s:132:6:132:Infinity":41,"s:135:4:135:Infinity":42,"f:149:8:149:17":8,"b:149:38:149:42":14,"b:150:4:152:Infinity:undefined:undefined:undefined:undefined":15,"s:150:4:152:Infinity":43,"s:151:6:151:Infinity":44,"s:154:21:154:Infinity":45,"b:154:21:154:24:154:28:154:Infinity":16,"s:155:19:155:Infinity":46,"b:158:4:164:Infinity:undefined:undefined:undefined:undefined":17,"s:158:4:164:Infinity":47,"b:158:8:158:14:158:18:158:58":18,"s:159:6:159:Infinity":48,"b:160:6:162:Infinity:undefined:undefined:undefined:undefined":19,"s:160:6:162:Infinity":49,"s:161:8:161:Infinity":50,"s:163:6:163:Infinity":51,"s:167:4:167:Infinity":52,"b:168:4:170:Infinity:undefined:undefined:undefined:undefined":20,"s:168:4:170:Infinity":53,"s:169:6:169:Infinity":54,"s:172:17:172:Infinity":55,"s:175:4:175:Infinity":56,"s:177:4:177:Infinity":57,"f:185:2:185:10":9,"b:187:4:190:Infinity:undefined:undefined:undefined:undefined":21,"s:187:4:190:Infinity":58,"s:188:23:188:Infinity":59,"s:189:6:189:Infinity":60,"s:192:4:195:Infinity":61,"f:202:2:202:17":10,"b:202:24:202:28":22,"b:203:4:230:Infinity:225:11:230:Infinity":23,"s:203:4:230:Infinity":62,"b:205:6:224:Infinity:218:13:224:Infinity":24,"s:205:6:224:Infinity":63,"b:205:10:205:27:205:31:205:48":25,"s:207:29:207:Infinity":64,"s:208:24:208:Infinity":65,"s:209:8:213:Infinity":66,"b:210:10:212:Infinity:undefined:undefined:undefined:undefined":26,"s:210:10:212:Infinity":67,"s:211:12:211:Infinity":68,"s:214:8:214:Infinity":69,"f:214:29:214:30":11,"s:214:34:214:54":70,"b:215:8:217:Infinity:undefined:undefined:undefined:undefined":27,"s:215:8:217:Infinity":71,"s:216:10:216:Infinity":72,"s:220:8:220:Infinity":73,"b:221:8:223:Infinity:undefined:undefined:undefined:undefined":28,"s:221:8:223:Infinity":74,"s:222:10:222:Infinity":75,"s:226:6:226:Infinity":76,"b:227:6:229:Infinity:undefined:undefined:undefined:undefined":29,"s:227:6:229:Infinity":77,"s:228:8:228:Infinity":78,"f:237:2:237:15":12,"s:238:4:242:Infinity":79,"b:241:15:241:91:241:95:241:Infinity":30,"f:256:8:256:22":13,"b:257:4:259:Infinity:undefined:undefined:undefined:undefined":31,"s:257:4:259:Infinity":80,"s:258:6:258:Infinity":81,"b:262:4:267:Infinity:undefined:undefined:undefined:undefined":32,"s:262:4:267:Infinity":82,"b:263:6:265:Infinity:undefined:undefined:undefined:undefined":33,"s:263:6:265:Infinity":83,"s:264:8:264:Infinity":84,"s:266:6:266:Infinity":85,"s:270:20:270:Infinity":86,"s:271:4:271:Infinity":87,"s:273:4:280:Infinity":88,"s:274:21:274:Infinity":89,"s:275:6:275:Infinity":90,"s:276:6:276:Infinity":91,"s:278:6:278:Infinity":92,"s:279:6:279:Infinity":93,"f:294:2:294:11":14,"b:294:20:294:23":34,"b:294:44:294:48":35,"s:295:24:295:Infinity":94,"s:297:20:315:Infinity":95,"f:304:9:304:10":15,"b:305:8:307:Infinity:undefined:undefined:undefined:undefined":36,"s:305:8:307:Infinity":96,"s:306:10:306:Infinity":97,"s:310:8:310:Infinity":98,"s:313:8:313:Infinity":99,"s:318:4:318:Infinity":100,"s:321:4:324:Infinity":101,"f:321:11:321:12":16,"s:322:6:322:Infinity":102,"s:323:6:323:Infinity":103,"f:330:2:330:16":17,"s:331:4:331:Infinity":104,"f:331:31:331:38":18,"s:331:42:331:63":105,"s:332:4:332:Infinity":106,"f:343:2:343:12":19,"s:344:4:348:Infinity":107,"f:354:2:354:14":20,"s:355:4:360:Infinity":108,"f:366:2:366:9":21,"s:367:4:367:Infinity":109,"s:368:4:368:Infinity":110,"s:369:4:369:Infinity":111,"f:382:16:382:34":22,"b:383:2:385:Infinity:undefined:undefined:undefined:undefined":37,"s:383:2:385:Infinity":112,"s:384:4:384:Infinity":113,"b:387:2:389:Infinity:undefined:undefined:undefined:undefined":38,"s:387:2:389:Infinity":114,"s:388:4:388:Infinity":115,"b:391:2:401:Infinity:undefined:undefined:undefined:undefined":39,"s:391:2:401:Infinity":116,"s:393:21:398:Infinity":117,"s:400:4:400:Infinity":118,"b:400:11:400:31:400:35:400:Infinity":40,"b:403:2:405:Infinity:undefined:undefined:undefined:undefined":41,"s:403:2:405:Infinity":119,"s:404:4:404:Infinity":120,"s:407:2:407:Infinity":121,"f:415:16:415:24":23,"s:416:2:422:Infinity":122}}}
,"/home/user/Stanford-Prompt-Library/app/src/state/store.js": {"path":"/home/user/Stanford-Prompt-Library/app/src/state/store.js","statementMap":{"0":{"start":{"line":12,"column":4},"end":{"line":12,"column":null}},"1":{"start":{"line":13,"column":4},"end":{"line":13,"column":null}},"2":{"start":{"line":14,"column":4},"end":{"line":14,"column":null}},"3":{"start":{"line":15,"column":4},"end":{"line":15,"column":null}},"4":{"start":{"line":16,"column":4},"end":{"line":16,"column":null}},"5":{"start":{"line":17,"column":4},"end":{"line":17,"column":null}},"6":{"start":{"line":26,"column":4},"end":{"line":26,"column":null}},"7":{"start":{"line":26,"column":15},"end":{"line":26,"column":null}},"8":{"start":{"line":28,"column":4},"end":{"line":28,"column":null}},"9":{"start":{"line":28,"column":48},"end":{"line":28,"column":58}},"10":{"start":{"line":37,"column":4},"end":{"line":40,"column":null}},"11":{"start":{"line":38,"column":6},"end":{"line":38,"column":null}},"12":{"start":{"line":39,"column":6},"end":{"line":39,"column":null}},"13":{"start":{"line":42,"column":22},"end":{"line":42,"column":null}},"14":{"start":{"line":43,"column":24},"end":{"line":43,"column":null}},"15":{"start":{"line":46,"column":4},"end":{"line":51,"column":null}},"16":{"start":{"line":47,"column":6},"end":{"line":49,"column":null}},"17":{"start":{"line":48,"column":8},"end":{"line":48,"column":null}},"18":{"start":{"line":50,"column":6},"end":{"line":50,"column":null}},"19":{"start":{"line":54,"column":4},"end":{"line":54,"column":null}},"20":{"start":{"line":57,"column":4},"end":{"line":57,"column":null}},"21":{"start":{"line":60,"column":4},"end":{"line":62,"column":null}},"22":{"start":{"line":61,"column":6},"end":{"line":61,"column":null}},"23":{"start":{"line":72,"column":17},"end":{"line":72,"column":null}},"24":{"start":{"line":73,"column":20},"end":{"line":73,"column":null}},"25":{"start":{"line":74,"column":19},"end":{"line":74,"column":null}},"26":{"start":{"line":74,"column":45},"end":{"line":74,"column":53}},"27":{"start":{"line":76,"column":4},"end":{"line":79,"column":null}},"28":{"start":{"line":77,"column":6},"end":{"line":77,"column":null}},"29":{"start":{"line":78,"column":6},"end":{"line":78,"column":null}},"30":{"start":{"line":89,"column":4},"end":{"line":92,"column":null}},"31":{"start":{"line":90,"column":6},"end":{"line":90,"column":null}},"32":{"start":{"line":91,"column":6},"end":{"line":91,"column":null}},"33":{"start":{"line":94,"column":15},"end":{"line":94,"column":null}},"34":{"start":{"line":96,"column":4},"end":{"line":96,"column":null}},"35":{"start":{"line":96,"column":30},"end":{"line":96,"column":null}},"36":{"start":{"line":98,"column":4},"end":{"line":98,"column":null}},"37":{"start":{"line":101,"column":4},"end":{"line":101,"column":null}},"38":{"start":{"line":101,"column":17},"end":{"line":101,"column":null}},"39":{"start":{"line":110,"column":4},"end":{"line":132,"column":null}},"40":{"start":{"line":112,"column":27},"end":{"line":123,"column":null}},"41":{"start":{"line":114,"column":8},"end":{"line":114,"column":null}},"42":{"start":{"line":114,"column":25},"end":{"line":114,"column":null}},"43":{"start":{"line":117,"column":8},"end":{"line":120,"column":null}},"44":{"start":{"line":118,"column":26},"end":{"line":118,"column":null}},"45":{"start":{"line":119,"column":10},"end":{"line":119,"column":null}},"46":{"start":{"line":122,"column":8},"end":{"line":122,"column":null}},"47":{"start":{"line":125,"column":6},"end":{"line":131,"column":null}},"48":{"start":{"line":126,"column":8},"end":{"line":130,"column":null}},"49":{"start":{"line":127,"column":10},"end":{"line":127,"column":null}},"50":{"start":{"line":129,"column":10},"end":{"line":129,"column":null}},"51":{"start":{"line":140,"column":4},"end":{"line":143,"column":null}},"52":{"start":{"line":141,"column":6},"end":{"line":141,"column":null}},"53":{"start":{"line":142,"column":6},"end":{"line":142,"column":null}},"54":{"start":{"line":145,"column":4},"end":{"line":145,"column":null}},"55":{"start":{"line":156,"column":4},"end":{"line":168,"column":null}},"56":{"start":{"line":157,"column":6},"end":{"line":167,"column":null}},"57":{"start":{"line":158,"column":8},"end":{"line":164,"column":null}},"58":{"start":{"line":166,"column":8},"end":{"line":166,"column":null}},"59":{"start":{"line":179,"column":4},"end":{"line":185,"column":null}},"60":{"start":{"line":188,"column":4},"end":{"line":190,"column":null}},"61":{"start":{"line":189,"column":6},"end":{"line":189,"column":null}},"62":{"start":{"line":199,"column":4},"end":{"line":199,"column":null}},"63":{"start":{"line":207,"column":22},"end":{"line":207,"column":null}},"64":{"start":{"line":208,"column":4},"end":{"line":208,"column":null}},"65":{"start":{"line":209,"column":4},"end":{"line":209,"column":null}},"66":{"start":{"line":210,"column":4},"end":{"line":210,"column":null}},"67":{"start":{"line":217,"column":4},"end":{"line":217,"column":null}},"68":{"start":{"line":225,"column":4},"end":{"line":231,"column":null}},"69":{"start":{"line":242,"column":24},"end":{"line":251,"column":null}},"70":{"start":{"line":256,"column":28},"end":{"line":269,"column":null}},"71":{"start":{"line":274,"column":32},"end":{"line":283,"column":null}},"72":{"start":{"line":288,"column":26},"end":{"line":299,"column":null}},"73":{"start":{"line":308,"column":25},"end":{"line":321,"column":null}},"74":{"start":{"line":309,"column":2},"end":{"line":309,"column":null}},"75":{"start":{"line":310,"column":2},"end":{"line":310,"column":null}},"76":{"start":{"line":311,"column":2},"end":{"line":311,"column":null}},"77":{"start":{"line":312,"column":2},"end":{"line":312,"column":null}},"78":{"start":{"line":313,"column":2},"end":{"line":319,"column":null}},"79":{"start":{"line":314,"column":4},"end":{"line":317,"column":null}},"80":{"start":{"line":318,"column":4},"end":{"line":318,"column":null}},"81":{"start":{"line":320,"column":2},"end":{"line":320,"column":null}},"82":{"start":{"line":326,"column":30},"end":{"line":350,"column":null}},"83":{"start":{"line":328,"column":26},"end":{"line":328,"column":null}},"84":{"start":{"line":330,"column":2},"end":{"line":349,"column":null}},"85":{"start":{"line":332,"column":26},"end":{"line":332,"column":null}},"86":{"start":{"line":333,"column":26},"end":{"line":333,"column":null}},"87":{"start":{"line":333,"column":50},"end":{"line":333,"column":77}},"88":{"start":{"line":335,"column":4},"end":{"line":348,"column":null}},"89":{"start":{"line":336,"column":26},"end":{"line":341,"column":null}},"90":{"start":{"line":337,"column":8},"end":{"line":339,"column":null}},"91":{"start":{"line":338,"column":10},"end":{"line":338,"column":null}},"92":{"start":{"line":340,"column":8},"end":{"line":340,"column":null}},"93":{"start":{"line":343,"column":6},"end":{"line":347,"column":null}},"94":{"start":{"line":344,"column":8},"end":{"line":344,"column":null}},"95":{"start":{"line":346,"column":8},"end":{"line":346,"column":null}},"96":{"start":{"line":355,"column":29},"end":{"line":367,"column":null}},"97":{"start":{"line":357,"column":2},"end":{"line":366,"column":null}},"98":{"start":{"line":359,"column":4},"end":{"line":361,"column":null}},"99":{"start":{"line":360,"column":6},"end":{"line":360,"column":null}},"100":{"start":{"line":363,"column":4},"end":{"line":365,"column":null}},"101":{"start":{"line":364,"column":6},"end":{"line":364,"column":null}},"102":{"start":{"line":374,"column":0},"end":{"line":379,"column":null}},"103":{"start":{"line":375,"column":2},"end":{"line":375,"column":null}},"104":{"start":{"line":376,"column":2},"end":{"line":376,"column":null}},"105":{"start":{"line":377,"column":2},"end":{"line":377,"column":null}},"106":{"start":{"line":378,"column":2},"end":{"line":378,"column":null}},"107":{"start":{"line":382,"column":0},"end":{"line":382,"column":null}},"108":{"start":{"line":385,"column":0},"end":{"line":385,"column":null}},"109":{"start":{"line":395,"column":2},"end":{"line":403,"column":null}},"110":{"start":{"line":396,"column":25},"end":{"line":396,"column":null}},"111":{"start":{"line":397,"column":4},"end":{"line":400,"column":null}},"112":{"start":{"line":398,"column":19},"end":{"line":398,"column":null}},"113":{"start":{"line":399,"column":6},"end":{"line":399,"column":null}},"114":{"start":{"line":402,"column":4},"end":{"line":402,"column":null}},"115":{"start":{"line":407,"column":0},"end":{"line":407,"column":null}},"116":{"start":{"line":413,"column":0},"end":{"line":438,"column":null}},"117":{"start":{"line":414,"column":2},"end":{"line":435,"column":null}},"118":{"start":{"line":420,"column":6},"end":{"line":425,"column":null}},"119":{"start":{"line":428,"column":6},"end":{"line":433,"column":null}},"120":{"start":{"line":437,"column":2},"end":{"line":437,"column":null}}},"fnMap":{"0":{"name":"(anonymous_0)","decl":{"start":{"line":11,"column":2},"end":{"line":11,"column":13}},"loc":{"start":{"line":11,"column":39},"end":{"line":18,"column":null}},"line":11},"1":{"name":"(anonymous_1)","decl":{"start":{"line":25,"column":2},"end":{"line":25,"column":10}},"loc":{"start":{"line":25,"column":24},"end":{"line":29,"column":null}},"line":25},"2":{"name":"(anonymous_2)","decl":{"start":{"line":28,"column":34},"end":{"line":28,"column":35}},"loc":{"start":{"line":28,"column":48},"end":{"line":28,"column":58}},"line":28},"3":{"name":"(anonymous_3)","decl":{"start":{"line":36,"column":2},"end":{"line":36,"column":10}},"loc":{"start":{"line":36,"column":40},"end":{"line":63,"column":null}},"line":36},"4":{"name":"(anonymous_4)","decl":{"start":{"line":71,"column":2},"end":{"line":71,"column":13}},"loc":{"start":{"line":71,"column":47},"end":{"line":80,"column":null}},"line":71},"5":{"name":"(anonymous_5)","decl":{"start":{"line":74,"column":31},"end":{"line":74,"column":32}},"loc":{"start":{"line":74,"column":45},"end":{"line":74,"column":53}},"line":74},"6":{"name":"(anonymous_6)","decl":{"start":{"line":88,"column":2},"end":{"line":88,"column":11}},"loc":{"start":{"line":88,"column":28},"end":{"line":102,"column":null}},"line":88},"7":{"name":"(anonymous_7)","decl":{"start":{"line":91,"column":13},"end":{"line":91,"column":14}},"loc":{"start":{"line":91,"column":19},"end":{"line":91,"column":null}},"line":91},"8":{"name":"(anonymous_8)","decl":{"start":{"line":101,"column":11},"end":{"line":101,"column":12}},"loc":{"start":{"line":101,"column":17},"end":{"line":101,"column":null}},"line":101},"9":{"name":"(anonymous_9)","decl":{"start":{"line":109,"column":2},"end":{"line":109,"column":17}},"loc":{"start":{"line":109,"column":42},"end":{"line":133,"column":null}},"line":109},"10":{"name":"(anonymous_10)","decl":{"start":{"line":110,"column":27},"end":{"line":110,"column":28}},"loc":{"start":{"line":110,"column":51},"end":{"line":132,"column":5}},"line":110},"11":{"name":"(anonymous_11)","decl":{"start":{"line":112,"column":37},"end":{"line":112,"column":40}},"loc":{"start":{"line":112,"column":44},"end":{"line":123,"column":7}},"line":112},"12":{"name":"(anonymous_12)","decl":{"start":{"line":139,"column":2},"end":{"line":139,"column":5}},"loc":{"start":{"line":139,"column":18},"end":{"line":146,"column":null}},"line":139},"13":{"name":"(anonymous_13)","decl":{"start":{"line":155,"column":2},"end":{"line":155,"column":16}},"loc":{"start":{"line":155,"column":60},"end":{"line":169,"column":null}},"line":155},"14":{"name":"(anonymous_14)","decl":{"start":{"line":156,"column":29},"end":{"line":156,"column":39}},"loc":{"start":{"line":156,"column":43},"end":{"line":168,"column":5}},"line":156},"15":{"name":"(anonymous_15)","decl":{"start":{"line":178,"column":2},"end":{"line":178,"column":14}},"loc":{"start":{"line":178,"column":58},"end":{"line":191,"column":null}},"line":178},"16":{"name":"(anonymous_16)","decl":{"start":{"line":198,"column":2},"end":{"line":198,"column":12}},"loc":{"start":{"line":198,"column":25},"end":{"line":200,"column":null}},"line":198},"17":{"name":"(anonymous_17)","decl":{"start":{"line":206,"column":2},"end":{"line":206,"column":7}},"loc":{"start":{"line":206,"column":27},"end":{"line":211,"column":null}},"line":206},"18":{"name":"(anonymous_18)","decl":{"start":{"line":216,"column":2},"end":{"line":216,"column":16}},"loc":{"start":{"line":216,"column":19},"end":{"line":218,"column":null}},"line":216},"19":{"name":"(anonymous_19)","decl":{"start":{"line":224,"column":2},"end":{"line":224,"column":10}},"loc":{"start":{"line":224,"column":13},"end":{"line":232,"column":null}},"line":224},"20":{"name":"(anonymous_20)","decl":{"start":{"line":308,"column":25},"end":{"line":308,"column":26}},"loc":{"start":{"line":308,"column":83},"end":{"line":321,"column":null}},"line":308},"21":{"name":"(anonymous_21)","decl":{"start":{"line":313,"column":42},"end":{"line":313,"column":43}},"loc":{"start":{"line":313,"column":56},"end":{"line":319,"column":3}},"line":313},"22":{"name":"(anonymous_22)","decl":{"start":{"line":326,"column":30},"end":{"line":326,"column":31}},"loc":{"start":{"line":326,"column":69},"end":{"line":350,"column":null}},"line":326},"23":{"name":"(anonymous_23)","decl":{"start":{"line":333,"column":43},"end":{"line":333,"column":46}},"loc":{"start":{"line":333,"column":50},"end":{"line":333,"column":77}},"line":333},"24":{"name":"(anonymous_24)","decl":{"start":{"line":336,"column":47},"end":{"line":336,"column":48}},"loc":{"start":{"line":336,"column":61},"end":{"line":341,"column":7}},"line":336},"25":{"name":"(anonymous_25)","decl":{"start":{"line":355,"column":29},"end":{"line":355,"column":30}},"loc":{"start":{"line":355,"column":68},"end":{"line":367,"column":null}},"line":355},"26":{"name":"restorePersistedState","decl":{"start":{"line":394,"column":9},"end":{"line":394,"column":30}},"loc":{"start":{"line":394,"column":33},"end":{"line":404,"column":null}},"line":394},"27":{"name":"(anonymous_27)","decl":{"start":{"line":419,"column":4},"end":{"line":419,"column":10}},"loc":{"start":{"line":419,"column":13},"end":{"line":426,"column":5}},"line":419},"28":{"name":"(anonymous_28)","decl":{"start":{"line":427,"column":4},"end":{"line":427,"column":12}},"loc":{"start":{"line":427,"column":15},"end":{"line":434,"column":null}},"line":427}},"branchMap":{"0":{"loc":{"start":{"line":11,"column":20},"end":{"line":11,"column":37}},"type":"default-arg","locations":[{"start":{"line":11,"column":35},"end":{"line":11,"column":37}}],"line":11},"1":{"loc":{"start":{"line":25,"column":11},"end":{"line":25,"column":22}},"type":"default-arg","locations":[{"start":{"line":25,"column":18},"end":{"line":25,"column":22}}],"line":25},"2":{"loc":{"start":{"line":26,"column":4},"end":{"line":26,"column":null}},"type":"if","locations":[{"start":{"line":26,"column":4},"end":{"line":26,"column":null}},{"start":{},"end":{}}],"line":26},"3":{"loc":{"start":{"line":36,"column":20},"end":{"line":36,"column":38}},"type":"default-arg","locations":[{"start":{"line":36,"column":29},"end":{"line":36,"column":38}}],"line":36},"4":{"loc":{"start":{"line":37,"column":4},"end":{"line":40,"column":null}},"type":"if","locations":[{"start":{"line":37,"column":4},"end":{"line":40,"column":null}},{"start":{},"end":{}}],"line":37},"5":{"loc":{"start":{"line":37,"column":8},"end":{"line":37,"column":47}},"type":"binary-expr","locations":[{"start":{"line":37,"column":8},"end":{"line":37,"column":16}},{"start":{"line":37,"column":20},"end":{"line":37,"column":47}}],"line":37},"6":{"loc":{"start":{"line":47,"column":6},"end":{"line":49,"column":null}},"type":"if","locations":[{"start":{"line":47,"column":6},"end":{"line":49,"column":null}},{"start":{},"end":{}}],"line":47},"7":{"loc":{"start":{"line":60,"column":4},"end":{"line":62,"column":null}},"type":"if","locations":[{"start":{"line":60,"column":4},"end":{"line":62,"column":null}},{"start":{},"end":{}}],"line":60},"8":{"loc":{"start":{"line":71,"column":27},"end":{"line":71,"column":45}},"type":"default-arg","locations":[{"start":{"line":71,"column":36},"end":{"line":71,"column":45}}],"line":71},"9":{"loc":{"start":{"line":76,"column":4},"end":{"line":79,"column":null}},"type":"if","locations":[{"start":{"line":76,"column":4},"end":{"line":79,"column":null}},{"start":{},"end":{}}],"line":76},"10":{"loc":{"start":{"line":76,"column":8},"end":{"line":76,"column":44}},"type":"binary-expr","locations":[{"start":{"line":76,"column":8},"end":{"line":76,"column":14}},{"start":{"line":76,"column":18},"end":{"line":76,"column":44}}],"line":76},"11":{"loc":{"start":{"line":89,"column":4},"end":{"line":92,"column":null}},"type":"if","locations":[{"start":{"line":89,"column":4},"end":{"line":92,"column":null}},{"start":{},"end":{}}],"line":89},"12":{"loc":{"start":{"line":96,"column":4},"end":{"line":96,"column":null}},"type":"if","locations":[{"start":{"line":96,"column":4},"end":{"line":96,"column":null}},{"start":{},"end":{}}],"line":96},"13":{"loc":{"start":{"line":114,"column":8},"end":{"line":114,"column":null}},"type":"if","locations":[{"start":{"line":114,"column":8},"end":{"line":114,"column":null}},{"start":{},"end":{}}],"line":114},"14":{"loc":{"start":{"line":117,"column":8},"end":{"line":120,"column":null}},"type":"if","locations":[{"start":{"line":117,"column":8},"end":{"line":120,"column":null}},{"start":{},"end":{}}],"line":117},"15":{"loc":{"start":{"line":125,"column":6},"end":{"line":131,"column":null}},"type":"if","locations":[{"start":{"line":125,"column":6},"end":{"line":131,"column":null}},{"start":{},"end":{}}],"line":125},"16":{"loc":{"start":{"line":140,"column":4},"end":{"line":143,"column":null}},"type":"if","locations":[{"start":{"line":140,"column":4},"end":{"line":143,"column":null}},{"start":{},"end":{}}],"line":140},"17":{"loc":{"start":{"line":188,"column":4},"end":{"line":190,"column":null}},"type":"if","locations":[{"start":{"line":188,"column":4},"end":{"line":190,"column":null}},{"start":{},"end":{}}],"line":188},"18":{"loc":{"start":{"line":198,"column":13},"end":{"line":198,"column":23}},"type":"default-arg","locations":[{"start":{"line":198,"column":21},"end":{"line":198,"column":23}}],"line":198},"19":{"loc":{"start":{"line":206,"column":8},"end":{"line":206,"column":25}},"type":"default-arg","locations":[{"start":{"line":206,"column":23},"end":{"line":206,"column":25}}],"line":206},"20":{"loc":{"start":{"line":330,"column":2},"end":{"line":349,"column":null}},"type":"if","locations":[{"start":{"line":330,"column":2},"end":{"line":349,"column":null}},{"start":{},"end":{}}],"line":330},"21":{"loc":{"start":{"line":335,"column":4},"end":{"line":348,"column":null}},"type":"if","locations":[{"start":{"line":335,"column":4},"end":{"line":348,"column":null}},{"start":{},"end":{}}],"line":335},"22":{"loc":{"start":{"line":337,"column":8},"end":{"line":339,"column":null}},"type":"if","locations":[{"start":{"line":337,"column":8},"end":{"line":339,"column":null}},{"start":{},"end":{}}],"line":337},"23":{"loc":{"start":{"line":357,"column":2},"end":{"line":366,"column":null}},"type":"if","locations":[{"start":{"line":357,"column":2},"end":{"line":366,"column":null}},{"start":{},"end":{}}],"line":357},"24":{"loc":{"start":{"line":359,"column":4},"end":{"line":361,"column":null}},"type":"if","locations":[{"start":{"line":359,"column":4},"end":{"line":361,"column":null}},{"start":{},"end":{}}],"line":359},"25":{"loc":{"start":{"line":359,"column":8},"end":{"line":359,"column":82}},"type":"binary-expr","locations":[{"start":{"line":359,"column":8},"end":{"line":359,"column":42}},{"start":{"line":359,"column":46},"end":{"line":359,"column":82}}],"line":359},"26":{"loc":{"start":{"line":363,"column":4},"end":{"line":365,"column":null}},"type":"if","locations":[{"start":{"line":363,"column":4},"end":{"line":365,"column":null}},{"start":{},"end":{}}],"line":363},"27":{"loc":{"start":{"line":363,"column":8},"end":{"line":363,"column":92}},"type":"binary-expr","locations":[{"start":{"line":363,"column":8},"end":{"line":363,"column":47}},{"start":{"line":363,"column":51},"end":{"line":363,"column":92}}],"line":363},"28":{"loc":{"start":{"line":374,"column":0},"end":{"line":379,"column":null}},"type":"if","locations":[{"start":{"line":374,"column":0},"end":{"line":379,"column":null}},{"start":{},"end":{}}],"line":374},"29":{"loc":{"start":{"line":374,"column":4},"end":{"line":374,"column":65}},"type":"binary-expr","locations":[{"start":{"line":374,"column":4},"end":{"line":374,"column":23}},{"start":{"line":374,"column":27},"end":{"line":374,"column":65}}],"line":374},"30":{"loc":{"start":{"line":397,"column":4},"end":{"line":400,"column":null}},"type":"if","locations":[{"start":{"line":397,"column":4},"end":{"line":400,"column":null}},{"start":{},"end":{}}],"line":397},"31":{"loc":{"start":{"line":413,"column":0},"end":{"line":438,"column":null}},"type":"if","locations":[{"start":{"line":413,"column":0},"end":{"line":438,"column":null}},{"start":{},"end":{}}],"line":413}},"s":{"0":48,"1":48,"2":48,"3":48,"4":48,"5":48,"6":20,"7":6,"8":14,"9":19,"10":66,"11":2,"12":2,"13":64,"14":64,"15":64,"16":71,"17":61,"18":71,"19":64,"20":64,"21":64,"22":59,"23":3,"24":3,"25":3,"26":4,"27":3,"28":2,"29":2,"30":19,"31":1,"32":1,"33":18,"34":18,"35":17,"36":18,"37":18,"38":1,"39":63,"40":20,"41":21,"42":5,"43":16,"44":3,"45":3,"46":13,"47":20,"48":16,"49":16,"50":1,"51":15,"52":2,"53":2,"54":13,"55":64,"56":6,"57":6,"58":1,"59":64,"60":64,"61":5,"62":4,"63":4,"64":4,"65":4,"66":4,"67":2,"68":1,"69":1,"70":1,"71":1,"72":1,"73":1,"74":0,"75":0,"76":0,"77":0,"78":0,"79":0,"80":0,"81":0,"82":1,"83":0,"84":0,"85":0,"86":0,"87":0,"88":0,"89":0,"90":0,"91":0,"92":0,"93":0,"94":0,"95":0,"96":1,"97":0,"98":0,"99":0,"100":0,"101":0,"102":1,"103":1,"104":1,"105":1,"106":1,"107":1,"108":1,"109":1,"110":1,"111":1,"112":0,"113":0,"114":0,"115":1,"116":1,"117":1,"118":0,"119":0,"120":1},"f":{"0":48,"1":20,"2":19,"3":66,"4":3,"5":4,"6":19,"7":0,"8":1,"9":63,"10":20,"11":21,"12":15,"13":64,"14":6,"15":64,"16":4,"17":4,"18":2,"19":1,"20":0,"21":0,"22":0,"23":0,"24":0,"25":0,"26":1,"27":0,"28":0},"b":{"0":[48],"1":[20],"2":[6,14],"3":[66],"4":[2,64],"5":[66,65],"6":[61,10],"7":[59,5],"8":[3],"9":[2,1],"10":[3,2],"11":[1,18],"12":[17,1],"13":[5,16],"14":[3,13],"15":[16,4],"16":[2,13],"17":[5,59],"18":[4],"19":[4],"20":[0,0],"21":[0,0],"22":[0,0],"23":[0,0],"24":[0,0],"25":[0,0],"26":[0,0],"27":[0,0],"28":[1,0],"29":[1,0],"30":[0,1],"31":[1,0]},"meta":{"lastBranch":32,"lastFunction":29,"lastStatement":121,"seen":{"f:11:2:11:13":0,"b:11:35:11:37":0,"s:12:4:12:Infinity":0,"s:13:4:13:Infinity":1,"s:14:4:14:Infinity":2,"s:15:4:15:Infinity":3,"s:16:4:16:Infinity":4,"s:17:4:17:Infinity":5,"f:25:2:25:10":1,"b:25:18:25:22":1,"b:26:4:26:Infinity:undefined:undefined:undefined:undefined":2,"s:26:4:26:Infinity":6,"s:26:15:26:Infinity":7,"s:28:4:28:Infinity":8,"f:28:34:28:35":2,"s:28:48:28:58":9,"f:36:2:36:10":3,"b:36:29:36:38":3,"b:37:4:40:Infinity:undefined:undefined:undefined:undefined":4,"s:37:4:40:Infinity":10,"b:37:8:37:16:37:20:37:47":5,"s:38:6:38:Infinity":11,"s:39:6:39:Infinity":12,"s:42:22:42:Infinity":13,"s:43:24:43:Infinity":14,"s:46:4:51:Infinity":15,"b:47:6:49:Infinity:undefined:undefined:undefined:undefined":6,"s:47:6:49:Infinity":16,"s:48:8:48:Infinity":17,"s:50:6:50:Infinity":18,"s:54:4:54:Infinity":19,"s:57:4:57:Infinity":20,"b:60:4:62:Infinity:undefined:undefined:undefined:undefined":7,"s:60:4:62:Infinity":21,"s:61:6:61:Infinity":22,"f:71:2:71:13":4,"b:71:36:71:45":8,"s:72:17:72:Infinity":23,"s:73:20:73:Infinity":24,"s:74:19:74:Infinity":25,"f:74:31:74:32":5,"s:74:45:74:53":26,"b:76:4:79:Infinity:undefined:undefined:undefined:undefined":9,"s:76:4:79:Infinity":27,"b:76:8:76:14:76:18:76:44":10,"s:77:6:77:Infinity":28,"s:78:6:78:Infinity":29,"f:88:2:88:11":6,"b:89:4:92:Infinity:undefined:undefined:undefined:undefined":11,"s:89:4:92:Infinity":30,"s:90:6:90:Infinity":31,"s:91:6:91:Infinity":32,"f:91:13:91:14":7,"s:94:15:94:Infinity":33,"b:96:4:96:Infinity:undefined:undefined:undefined:undefined":12,"s:96:4:96:Infinity":34,"s:96:30:96:Infinity":35,"s:98:4:98:Infinity":36,"s:101:4:101:Infinity":37,"f:101:11:101:12":8,"s:101:17:101:Infinity":38,"f:109:2:109:17":9,"s:110:4:132:Infinity":39,"f:110:27:110:28":10,"s:112:27:123:Infinity":40,"f:112:37:112:40":11,"b:114:8:114:Infinity:undefined:undefined:undefined:undefined":13,"s:114:8:114:Infinity":41,"s:114:25:114:Infinity":42,"b:117:8:120:Infinity:undefined:undefined:undefined:undefined":14,"s:117:8:120:Infinity":43,"s:118:26:118:Infinity":44,"s:119:10:119:Infinity":45,"s:122:8:122:Infinity":46,"b:125:6:131:Infinity:undefined:undefined:undefined:undefined":15,"s:125:6:131:Infinity":47,"s:126:8:130:Infinity":48,"s:127:10:127:Infinity":49,"s:129:10:129:Infinity":50,"f:139:2:139:5":12,"b:140:4:143:Infinity:undefined:undefined:undefined:undefined":16,"s:140:4:143:Infinity":51,"s:141:6:141:Infinity":52,"s:142:6:142:Infinity":53,"s:145:4:145:Infinity":54,"f:155:2:155:16":13,"s:156:4:168:Infinity":55,"f:156:29:156:39":14,"s:157:6:167:Infinity":56,"s:158:8:164:Infinity":57,"s:166:8:166:Infinity":58,"f:178:2:178:14":15,"s:179:4:185:Infinity":59,"b:188:4:190:Infinity:undefined:undefined:undefined:undefined":17,"s:188:4:190:Infinity":60,"s:189:6:189:Infinity":61,"f:198:2:198:12":16,"b:198:21:198:23":18,"s:199:4:199:Infinity":62,"f:206:2:206:7":17,"b:206:23:206:25":19,"s:207:22:207:Infinity":63,"s:208:4:208:Infinity":64,"s:209:4:209:Infinity":65,"s:210:4:210:Infinity":66,"f:216:2:216:16":18,"s:217:4:217:Infinity":67,"f:224:2:224:10":19,"s:225:4:231:Infinity":68,"s:242:24:251:Infinity":69,"s:256:28:269:Infinity":70,"s:274:32:283:Infinity":71,"s:288:26:299:Infinity":72,"s:308:25:321:Infinity":73,"f:308:25:308:26":20,"s:309:2:309:Infinity":74,"s:310:2:310:Infinity":75,"s:311:2:311:Infinity":76,"s:312:2:312:Infinity":77,"s:313:2:319:Infinity":78,"f:313:42:313:43":21,"s:314:4:317:Infinity":79,"s:318:4:318:Infinity":80,"s:320:2:320:Infinity":81,"s:326:30:350:Infinity":82,"f:326:30:326:31":22,"s:328:26:328:Infinity":83,"b:330:2:349:Infinity:undefined:undefined:undefined:undefined":20,"s:330:2:349:Infinity":84,"s:332:26:332:Infinity":85,"s:333:26:333:Infinity":86,"f:333:43:333:46":23,"s:333:50:333:77":87,"b:335:4:348:Infinity:undefined:undefined:undefined:undefined":21,"s:335:4:348:Infinity":88,"s:336:26:341:Infinity":89,"f:336:47:336:48":24,"b:337:8:339:Infinity:undefined:undefined:undefined:undefined":22,"s:337:8:339:Infinity":90,"s:338:10:338:Infinity":91,"s:340:8:340:Infinity":92,"s:343:6:347:Infinity":93,"s:344:8:344:Infinity":94,"s:346:8:346:Infinity":95,"s:355:29:367:Infinity":96,"f:355:29:355:30":25,"b:357:2:366:Infinity:undefined:undefined:undefined:undefined":23,"s:357:2:366:Infinity":97,"b:359:4:361:Infinity:undefined:undefined:undefined:undefined":24,"s:359:4:361:Infinity":98,"b:359:8:359:42:359:46:359:82":25,"s:360:6:360:Infinity":99,"b:363:4:365:Infinity:undefined:undefined:undefined:undefined":26,"s:363:4:365:Infinity":100,"b:363:8:363:47:363:51:363:92":27,"s:364:6:364:Infinity":101,"b:374:0:379:Infinity:undefined:undefined:undefined:undefined":28,"s:374:0:379:Infinity":102,"b:374:4:374:23:374:27:374:65":29,"s:375:2:375:Infinity":103,"s:376:2:376:Infinity":104,"s:377:2:377:Infinity":105,"s:378:2:378:Infinity":106,"s:382:0:382:Infinity":107,"s:385:0:385:Infinity":108,"f:394:9:394:30":26,"s:395:2:403:Infinity":109,"s:396:25:396:Infinity":110,"b:397:4:400:Infinity:undefined:undefined:undefined:undefined":30,"s:397:4:400:Infinity":111,"s:398:19:398:Infinity":112,"s:399:6:399:Infinity":113,"s:402:4:402:Infinity":114,"s:407:0:407:Infinity":115,"b:413:0:438:Infinity:undefined:undefined:undefined:undefined":31,"s:413:0:438:Infinity":116,"s:414:2:435:Infinity":117,"f:419:4:419:10":27,"s:420:6:425:Infinity":118,"f:427:4:427:12":28,"s:428:6:433:Infinity":119,"s:437:2:437:Infinity":120}}}
}
